<?xml version="1.0" encoding="UTF-8"?>
<!-- Generated by org.testng.reporters.JUnitReportReporter -->
<testsuite hostname="ticky-PC" name="FrontEndTesting.ServiceTest" tests="9" failures="0" timestamp="8 May 2015 20:57:47 GMT" time="0.231" errors="0">
  <testcase name="registrationService" time="0.027" classname="FrontEndTesting.ServiceTest"/>
  <testcase name="loginService" time="0.018" classname="FrontEndTesting.ServiceTest"/>
  <testcase name="loginService" time="0.019" classname="FrontEndTesting.ServiceTest"/>
  <testcase name="SendFriendRequest" time="0.017" classname="FrontEndTesting.ServiceTest"/>
  <testcase name="loginService" time="0.017" classname="FrontEndTesting.ServiceTest"/>
  <testcase name="SendFriendRequest" time="0.016" classname="FrontEndTesting.ServiceTest"/>
  <testcase name="SendFriendRequest" time="0.083" classname="FrontEndTesting.ServiceTest"/>
  <testcase name="SendFriendRequest" time="0.017" classname="FrontEndTesting.ServiceTest"/>
  <testcase name="loginService" time="0.017" classname="FrontEndTesting.ServiceTest"/>
</testsuite> <!-- FrontEndTesting.ServiceTest -->
