<?xml version="1.0" encoding="UTF-8"?>
<!-- Generated by org.testng.reporters.JUnitReportReporter -->
<testsuite hostname="ticky-PC" name="FrontEndTesting.NotificationsServicesTest" tests="1" failures="0" timestamp="8 May 2015 18:20:53 GMT" time="0.094" errors="0">
  <testcase name="retrieveNotifications" time="0.094" classname="FrontEndTesting.NotificationsServicesTest"/>
</testsuite> <!-- FrontEndTesting.NotificationsServicesTest -->
