<?xml version="1.0" encoding="UTF-8"?>
<!-- Generated by org.testng.reporters.JUnitReportReporter -->
<testsuite hostname="ticky-PC" name="FrontEndTesting.UserTimeLineServicesTest" tests="1" failures="0" timestamp="8 May 2015 18:14:56 GMT" time="0.091" errors="0">
  <testcase name="retrieveUserPosts" time="0.091" classname="FrontEndTesting.UserTimeLineServicesTest"/>
</testsuite> <!-- FrontEndTesting.UserTimeLineServicesTest -->
